-------------------------------------------------------------------------------
Test set: com.mycompany.mavenproject1.NodoProfesorTest
-------------------------------------------------------------------------------
<<<<<<< HEAD
<<<<<<< HEAD
Tests run: 7, Failures: 0, Errors: 0, Skipped: 0, Time elapsed: 0.006 sec
=======
Tests run: 7, Failures: 0, Errors: 0, Skipped: 0, Time elapsed: 0.011 sec - in com.mycompany.mavenproject1.NodoProfesorTest
>>>>>>> req_Salon
=======
Tests run: 5, Failures: 0, Errors: 0, Skipped: 0, Time elapsed: 0.075 sec
>>>>>>> req_profesor
